<?xml version="1.0" encoding="UTF-8"?>
<!-- Generated by org.testng.reporters.JUnitXMLReporter -->
<testsuite ignored="0" hostname="Venkatesh" failures="0" tests="8" name="Test" time="74.023" errors="0" timestamp="2024-07-25T07:57:27 IST">
  <testcase classname="testcases.TC001_BrokenURLValidationTest" name="BrokenURLValidation" time="1.716"/>
  <testcase classname="testcases.TC002_ValidLoginTest" name="ValidLoginCredential" time="2.421"/>
  <testcase classname="testcases.TC003_InvalidLoginTest" name="InvalidLoginCredential" time="2.326"/>
  <testcase classname="testcases.TC003_InvalidLoginTest" name="InvalidLoginCredential" time="2.416"/>
  <testcase classname="testcases.TC003_InvalidLoginTest" name="InvalidLoginCredential" time="2.325"/>
  <testcase classname="testcases.TC003_InvalidLoginTest" name="InvalidLoginCredential" time="2.43"/>
  <testcase classname="testcases.TC004_MedicareTest" name="MedicareProgramValidation" time="7.771"/>
  <testcase classname="testcases.TC005_MedicaidTest" name="MedicaidProgramValidation" time="7.874"/>
</testsuite> <!-- Test -->
