<?xml version="1.0" encoding="UTF-8"?>
<!-- Generated by org.testng.reporters.JUnitXMLReporter -->
<testsuite ignored="0" hostname="Venkatesh" failures="0" tests="8" name="Test" time="79.284" errors="0" timestamp="2024-07-25T08:04:58 IST">
  <testcase classname="testcases.TC001_BrokenURLValidationTest" name="BrokenURLValidation" time="1.56"/>
  <testcase classname="testcases.TC002_ValidLoginTest" name="ValidLoginCredential" time="3.068"/>
  <testcase classname="testcases.TC003_InvalidLoginTest" name="InvalidLoginCredential" time="2.912"/>
  <testcase classname="testcases.TC003_InvalidLoginTest" name="InvalidLoginCredential" time="2.844"/>
  <testcase classname="testcases.TC003_InvalidLoginTest" name="InvalidLoginCredential" time="2.81"/>
  <testcase classname="testcases.TC003_InvalidLoginTest" name="InvalidLoginCredential" time="2.701"/>
  <testcase classname="testcases.TC004_MedicareTest" name="MedicareProgramValidation" time="8.022"/>
  <testcase classname="testcases.TC005_MedicaidTest" name="MedicaidProgramValidation" time="7.579"/>
</testsuite> <!-- Test -->
