<?xml version="1.0" encoding="UTF-8"?>
<testng-results ignored="0" total="8" passed="8" failed="0" skipped="0">
  <reporter-output>
  </reporter-output>
  <suite started-at="2024-07-25T08:03:38 IST" name="Suite" finished-at="2024-07-25T08:04:58 IST" duration-ms="79284">
    <groups>
    </groups>
    <test started-at="2024-07-25T08:03:38 IST" name="Test" finished-at="2024-07-25T08:04:58 IST" duration-ms="79284">
      <class name="testcases.TC002_ValidLoginTest">
        <test-method is-config="true" signature="setup()[pri:0, instance:testcases.TC002_ValidLoginTest@19e4653c]" started-at="2024-07-25T08:03:38 IST" name="setup" finished-at="2024-07-25T08:03:38 IST" duration-ms="22" status="PASS">
          <reporter-output>
          </reporter-output>
        </test-method> <!-- setup -->
        <test-method is-config="true" signature="browserLaunch(java.lang.String,java.lang.String)[pri:0, instance:testcases.TC002_ValidLoginTest@19e4653c]" started-at="2024-07-25T08:03:48 IST" name="browserLaunch" finished-at="2024-07-25T08:03:53 IST" duration-ms="5059" status="PASS">
          <params>
            <param index="0">
              <value>
                <![CDATA[chrome]]>
              </value>
            </param>
            <param index="1">
              <value>
                <![CDATA[https://katalon-demo-cura.herokuapp.com/]]>
              </value>
            </param>
          </params>
          <reporter-output>
          </reporter-output>
        </test-method> <!-- browserLaunch -->
        <test-method signature="ValidLoginCredential(java.lang.String,java.lang.String)[pri:0, instance:testcases.TC002_ValidLoginTest@19e4653c]" started-at="2024-07-25T08:03:53 IST" name="ValidLoginCredential" data-provider="getData" finished-at="2024-07-25T08:03:56 IST" duration-ms="3068" status="PASS">
          <params>
            <param index="0">
              <value>
                <![CDATA[John Doe]]>
              </value>
            </param>
            <param index="1">
              <value>
                <![CDATA[ThisIsNotAPassword]]>
              </value>
            </param>
          </params>
          <reporter-output>
          </reporter-output>
        </test-method> <!-- ValidLoginCredential -->
        <test-method is-config="true" signature="closeBrowser()[pri:0, instance:testcases.TC002_ValidLoginTest@19e4653c]" started-at="2024-07-25T08:03:56 IST" name="closeBrowser" finished-at="2024-07-25T08:03:57 IST" duration-ms="379" status="PASS">
          <reporter-output>
          </reporter-output>
        </test-method> <!-- closeBrowser -->
      </class> <!-- testcases.TC002_ValidLoginTest -->
      <class name="testcases.TC001_BrokenURLValidationTest">
        <test-method is-config="true" signature="browserLaunch(java.lang.String,java.lang.String)[pri:0, instance:testcases.TC001_BrokenURLValidationTest@738dc9b]" started-at="2024-07-25T08:03:38 IST" name="browserLaunch" finished-at="2024-07-25T08:03:45 IST" duration-ms="6452" status="PASS">
          <params>
            <param index="0">
              <value>
                <![CDATA[chrome]]>
              </value>
            </param>
            <param index="1">
              <value>
                <![CDATA[https://katalon-demo-cura.herokuapp.com/]]>
              </value>
            </param>
          </params>
          <reporter-output>
          </reporter-output>
        </test-method> <!-- browserLaunch -->
        <test-method signature="BrokenURLValidation(java.lang.String)[pri:0, instance:testcases.TC001_BrokenURLValidationTest@738dc9b]" started-at="2024-07-25T08:03:45 IST" name="BrokenURLValidation" finished-at="2024-07-25T08:03:46 IST" duration-ms="1560" status="PASS">
          <params>
            <param index="0">
              <value>
                <![CDATA[https://katalon-demo-cura.herokuapp.com/]]>
              </value>
            </param>
          </params>
          <reporter-output>
          </reporter-output>
        </test-method> <!-- BrokenURLValidation -->
        <test-method is-config="true" signature="closeBrowser()[pri:0, instance:testcases.TC001_BrokenURLValidationTest@738dc9b]" started-at="2024-07-25T08:03:46 IST" name="closeBrowser" finished-at="2024-07-25T08:03:47 IST" duration-ms="351" status="PASS">
          <reporter-output>
          </reporter-output>
        </test-method> <!-- closeBrowser -->
      </class> <!-- testcases.TC001_BrokenURLValidationTest -->
      <class name="testcases.TC004_MedicareTest">
        <test-method is-config="true" signature="setup()[pri:0, instance:testcases.TC004_MedicareTest@53045c6c]" started-at="2024-07-25T08:03:38 IST" name="setup" finished-at="2024-07-25T08:03:38 IST" duration-ms="0" status="PASS">
          <reporter-output>
          </reporter-output>
        </test-method> <!-- setup -->
        <test-method is-config="true" signature="browserLaunch(java.lang.String,java.lang.String)[pri:0, instance:testcases.TC004_MedicareTest@53045c6c]" started-at="2024-07-25T08:04:31 IST" name="browserLaunch" finished-at="2024-07-25T08:04:36 IST" duration-ms="5249" status="PASS">
          <params>
            <param index="0">
              <value>
                <![CDATA[chrome]]>
              </value>
            </param>
            <param index="1">
              <value>
                <![CDATA[https://katalon-demo-cura.herokuapp.com/]]>
              </value>
            </param>
          </params>
          <reporter-output>
          </reporter-output>
        </test-method> <!-- browserLaunch -->
        <test-method signature="MedicareProgramValidation(java.lang.String,java.lang.String)[pri:0, instance:testcases.TC004_MedicareTest@53045c6c]" started-at="2024-07-25T08:04:36 IST" name="MedicareProgramValidation" data-provider="getData" finished-at="2024-07-25T08:04:44 IST" duration-ms="8022" status="PASS">
          <params>
            <param index="0">
              <value>
                <![CDATA[John Doe]]>
              </value>
            </param>
            <param index="1">
              <value>
                <![CDATA[ThisIsNotAPassword]]>
              </value>
            </param>
          </params>
          <reporter-output>
          </reporter-output>
        </test-method> <!-- MedicareProgramValidation -->
        <test-method is-config="true" signature="closeBrowser()[pri:0, instance:testcases.TC004_MedicareTest@53045c6c]" started-at="2024-07-25T08:04:44 IST" name="closeBrowser" finished-at="2024-07-25T08:04:44 IST" duration-ms="336" status="PASS">
          <reporter-output>
          </reporter-output>
        </test-method> <!-- closeBrowser -->
      </class> <!-- testcases.TC004_MedicareTest -->
      <class name="testcases.TC005_MedicaidTest">
        <test-method is-config="true" signature="setup()[pri:0, instance:testcases.TC005_MedicaidTest@5149d738]" started-at="2024-07-25T08:03:38 IST" name="setup" finished-at="2024-07-25T08:03:38 IST" duration-ms="0" status="PASS">
          <reporter-output>
          </reporter-output>
        </test-method> <!-- setup -->
        <test-method is-config="true" signature="browserLaunch(java.lang.String,java.lang.String)[pri:0, instance:testcases.TC005_MedicaidTest@5149d738]" started-at="2024-07-25T08:04:44 IST" name="browserLaunch" finished-at="2024-07-25T08:04:50 IST" duration-ms="5160" status="PASS">
          <params>
            <param index="0">
              <value>
                <![CDATA[chrome]]>
              </value>
            </param>
            <param index="1">
              <value>
                <![CDATA[https://katalon-demo-cura.herokuapp.com/]]>
              </value>
            </param>
          </params>
          <reporter-output>
          </reporter-output>
        </test-method> <!-- browserLaunch -->
        <test-method signature="MedicaidProgramValidation(java.lang.String,java.lang.String)[pri:0, instance:testcases.TC005_MedicaidTest@5149d738]" started-at="2024-07-25T08:04:50 IST" name="MedicaidProgramValidation" data-provider="getData" finished-at="2024-07-25T08:04:57 IST" duration-ms="7579" status="PASS">
          <params>
            <param index="0">
              <value>
                <![CDATA[John Doe]]>
              </value>
            </param>
            <param index="1">
              <value>
                <![CDATA[ThisIsNotAPassword]]>
              </value>
            </param>
          </params>
          <reporter-output>
          </reporter-output>
        </test-method> <!-- MedicaidProgramValidation -->
        <test-method is-config="true" signature="closeBrowser()[pri:0, instance:testcases.TC005_MedicaidTest@5149d738]" started-at="2024-07-25T08:04:57 IST" name="closeBrowser" finished-at="2024-07-25T08:04:58 IST" duration-ms="367" status="PASS">
          <reporter-output>
          </reporter-output>
        </test-method> <!-- closeBrowser -->
      </class> <!-- testcases.TC005_MedicaidTest -->
      <class name="testcases.TC003_InvalidLoginTest">
        <test-method is-config="true" signature="setup()[pri:0, instance:testcases.TC003_InvalidLoginTest@795509d9]" started-at="2024-07-25T08:03:38 IST" name="setup" finished-at="2024-07-25T08:03:38 IST" duration-ms="0" status="PASS">
          <reporter-output>
          </reporter-output>
        </test-method> <!-- setup -->
        <test-method is-config="true" signature="browserLaunch(java.lang.String,java.lang.String)[pri:0, instance:testcases.TC003_InvalidLoginTest@795509d9]" started-at="2024-07-25T08:03:57 IST" name="browserLaunch" finished-at="2024-07-25T08:04:02 IST" duration-ms="5067" status="PASS">
          <params>
            <param index="0">
              <value>
                <![CDATA[chrome]]>
              </value>
            </param>
            <param index="1">
              <value>
                <![CDATA[https://katalon-demo-cura.herokuapp.com/]]>
              </value>
            </param>
          </params>
          <reporter-output>
          </reporter-output>
        </test-method> <!-- browserLaunch -->
        <test-method signature="InvalidLoginCredential(java.lang.String,java.lang.String,java.lang.String)[pri:0, instance:testcases.TC003_InvalidLoginTest@795509d9]" started-at="2024-07-25T08:04:02 IST" name="InvalidLoginCredential" data-provider="getData" finished-at="2024-07-25T08:04:05 IST" duration-ms="2912" status="PASS">
          <params>
            <param index="0">
              <value>
                <![CDATA[John]]>
              </value>
            </param>
            <param index="1">
              <value>
                <![CDATA[ThisIsNotAPassword]]>
              </value>
            </param>
            <param index="2">
              <value>
                <![CDATA[Invalid]]>
              </value>
            </param>
          </params>
          <reporter-output>
          </reporter-output>
        </test-method> <!-- InvalidLoginCredential -->
        <test-method is-config="true" signature="closeBrowser()[pri:0, instance:testcases.TC003_InvalidLoginTest@795509d9]" started-at="2024-07-25T08:04:05 IST" name="closeBrowser" finished-at="2024-07-25T08:04:05 IST" duration-ms="352" status="PASS">
          <reporter-output>
          </reporter-output>
        </test-method> <!-- closeBrowser -->
        <test-method is-config="true" signature="browserLaunch(java.lang.String,java.lang.String)[pri:0, instance:testcases.TC003_InvalidLoginTest@795509d9]" started-at="2024-07-25T08:04:05 IST" name="browserLaunch" finished-at="2024-07-25T08:04:10 IST" duration-ms="5143" status="PASS">
          <params>
            <param index="0">
              <value>
                <![CDATA[chrome]]>
              </value>
            </param>
            <param index="1">
              <value>
                <![CDATA[https://katalon-demo-cura.herokuapp.com/]]>
              </value>
            </param>
          </params>
          <reporter-output>
          </reporter-output>
        </test-method> <!-- browserLaunch -->
        <test-method signature="InvalidLoginCredential(java.lang.String,java.lang.String,java.lang.String)[pri:0, instance:testcases.TC003_InvalidLoginTest@795509d9]" started-at="2024-07-25T08:04:10 IST" name="InvalidLoginCredential" data-provider="getData" finished-at="2024-07-25T08:04:13 IST" duration-ms="2844" status="PASS">
          <params>
            <param index="0">
              <value>
                <![CDATA[John Doe]]>
              </value>
            </param>
            <param index="1">
              <value>
                <![CDATA[ThisIsPassword]]>
              </value>
            </param>
            <param index="2">
              <value>
                <![CDATA[Invalid]]>
              </value>
            </param>
          </params>
          <reporter-output>
          </reporter-output>
        </test-method> <!-- InvalidLoginCredential -->
        <test-method is-config="true" signature="closeBrowser()[pri:0, instance:testcases.TC003_InvalidLoginTest@795509d9]" started-at="2024-07-25T08:04:13 IST" name="closeBrowser" finished-at="2024-07-25T08:04:13 IST" duration-ms="511" status="PASS">
          <reporter-output>
          </reporter-output>
        </test-method> <!-- closeBrowser -->
        <test-method is-config="true" signature="browserLaunch(java.lang.String,java.lang.String)[pri:0, instance:testcases.TC003_InvalidLoginTest@795509d9]" started-at="2024-07-25T08:04:13 IST" name="browserLaunch" finished-at="2024-07-25T08:04:19 IST" duration-ms="5376" status="PASS">
          <params>
            <param index="0">
              <value>
                <![CDATA[chrome]]>
              </value>
            </param>
            <param index="1">
              <value>
                <![CDATA[https://katalon-demo-cura.herokuapp.com/]]>
              </value>
            </param>
          </params>
          <reporter-output>
          </reporter-output>
        </test-method> <!-- browserLaunch -->
        <test-method signature="InvalidLoginCredential(java.lang.String,java.lang.String,java.lang.String)[pri:0, instance:testcases.TC003_InvalidLoginTest@795509d9]" started-at="2024-07-25T08:04:19 IST" name="InvalidLoginCredential" data-provider="getData" finished-at="2024-07-25T08:04:22 IST" duration-ms="2810" status="PASS">
          <params>
            <param index="0">
              <value>
                <![CDATA[`]]>
              </value>
            </param>
            <param index="1">
              <value>
                <![CDATA[ThisIsNotAPassword]]>
              </value>
            </param>
            <param index="2">
              <value>
                <![CDATA[Invalid]]>
              </value>
            </param>
          </params>
          <reporter-output>
          </reporter-output>
        </test-method> <!-- InvalidLoginCredential -->
        <test-method is-config="true" signature="closeBrowser()[pri:0, instance:testcases.TC003_InvalidLoginTest@795509d9]" started-at="2024-07-25T08:04:22 IST" name="closeBrowser" finished-at="2024-07-25T08:04:22 IST" duration-ms="287" status="PASS">
          <reporter-output>
          </reporter-output>
        </test-method> <!-- closeBrowser -->
        <test-method is-config="true" signature="browserLaunch(java.lang.String,java.lang.String)[pri:0, instance:testcases.TC003_InvalidLoginTest@795509d9]" started-at="2024-07-25T08:04:22 IST" name="browserLaunch" finished-at="2024-07-25T08:04:27 IST" duration-ms="5364" status="PASS">
          <params>
            <param index="0">
              <value>
                <![CDATA[chrome]]>
              </value>
            </param>
            <param index="1">
              <value>
                <![CDATA[https://katalon-demo-cura.herokuapp.com/]]>
              </value>
            </param>
          </params>
          <reporter-output>
          </reporter-output>
        </test-method> <!-- browserLaunch -->
        <test-method signature="InvalidLoginCredential(java.lang.String,java.lang.String,java.lang.String)[pri:0, instance:testcases.TC003_InvalidLoginTest@795509d9]" started-at="2024-07-25T08:04:27 IST" name="InvalidLoginCredential" data-provider="getData" finished-at="2024-07-25T08:04:30 IST" duration-ms="2701" status="PASS">
          <params>
            <param index="0">
              <value>
                <![CDATA[John Doe]]>
              </value>
            </param>
            <param index="1">
              <value>
                <![CDATA[`]]>
              </value>
            </param>
            <param index="2">
              <value>
                <![CDATA[Invalid]]>
              </value>
            </param>
          </params>
          <reporter-output>
          </reporter-output>
        </test-method> <!-- InvalidLoginCredential -->
        <test-method is-config="true" signature="closeBrowser()[pri:0, instance:testcases.TC003_InvalidLoginTest@795509d9]" started-at="2024-07-25T08:04:30 IST" name="closeBrowser" finished-at="2024-07-25T08:04:31 IST" duration-ms="597" status="PASS">
          <reporter-output>
          </reporter-output>
        </test-method> <!-- closeBrowser -->
      </class> <!-- testcases.TC003_InvalidLoginTest -->
    </test> <!-- Test -->
  </suite> <!-- Suite -->
</testng-results>
